2023-03-15 11:22:51,163 INFO werkzeug : 127.0.0.1 - - [15/Mar/2023 11:22:51] "GET /whatsapp/webhook HTTP/1.1" 200 -
2023-03-15 11:38:32,350 INFO werkzeug :  * Detected change in 'C:\\VS2022\\demo\\app.py', reloading
2023-03-15 11:38:32,358 INFO werkzeug :  * Detected change in 'C:\\VS2022\\demo\\env\\Lib\\site-packages\\jinja2\\environment.py', reloading
2023-03-15 11:38:32,358 INFO werkzeug :  * Detected change in 'C:\\VS2022\\demo\\env\\Lib\\site-packages\\jinja2\\__init__.py', reloading
2023-03-15 11:38:32,358 INFO werkzeug :  * Detected change in 'C:\\VS2022\\demo\\env\\Lib\\site-packages\\werkzeug\\_internal.py', reloading
2023-03-15 11:38:32,358 INFO werkzeug :  * Detected change in 'C:\\VS2022\\demo\\env\\Lib\\site-packages\\werkzeug\\serving.py', reloading
2023-03-15 11:38:32,358 INFO werkzeug :  * Detected change in 'C:\\VS2022\\demo\\env\\Lib\\site-packages\\werkzeug\\utils.py', reloading
2023-03-15 11:38:32,358 INFO werkzeug :  * Detected change in 'C:\\VS2022\\demo\\env\\Lib\\site-packages\\werkzeug\\sansio\\request.py', reloading
2023-03-15 11:38:32,358 INFO werkzeug :  * Detected change in 'C:\\VS2022\\demo\\env\\Lib\\site-packages\\werkzeug\\wrappers\\request.py', reloading
2023-03-15 11:38:32,358 INFO werkzeug :  * Detected change in 'C:\\VS2022\\demo\\env\\Lib\\site-packages\\werkzeug\\sansio\\response.py', reloading
2023-03-15 11:38:32,358 INFO werkzeug :  * Detected change in 'C:\\VS2022\\demo\\env\\Lib\\site-packages\\werkzeug\\wrappers\\response.py', reloading
2023-03-15 11:38:32,358 INFO werkzeug :  * Detected change in 'C:\\VS2022\\demo\\env\\Lib\\site-packages\\werkzeug\\wrappers\\__init__.py', reloading
2023-03-15 11:38:32,366 INFO werkzeug :  * Detected change in 'C:\\VS2022\\demo\\env\\Lib\\site-packages\\werkzeug\\__init__.py', reloading
2023-03-15 11:38:32,366 INFO werkzeug :  * Detected change in 'C:\\VS2022\\demo\\env\\Lib\\site-packages\\werkzeug\\local.py', reloading
2023-03-15 11:38:32,366 INFO werkzeug :  * Detected change in 'C:\\VS2022\\demo\\env\\Lib\\site-packages\\flask\\globals.py', reloading
2023-03-15 11:38:32,366 INFO werkzeug :  * Detected change in 'C:\\VS2022\\demo\\env\\Lib\\site-packages\\flask\\json\\__init__.py', reloading
2023-03-15 11:38:32,366 INFO werkzeug :  * Detected change in 'C:\\VS2022\\demo\\env\\Lib\\site-packages\\flask\\signals.py', reloading
2023-03-15 11:38:32,366 INFO werkzeug :  * Detected change in 'C:\\VS2022\\demo\\env\\Lib\\site-packages\\flask\\helpers.py', reloading
2023-03-15 11:38:32,371 INFO werkzeug :  * Detected change in 'C:\\VS2022\\demo\\env\\Lib\\site-packages\\flask\\typing.py', reloading
2023-03-15 11:38:32,371 INFO werkzeug :  * Detected change in 'C:\\VS2022\\demo\\env\\Lib\\site-packages\\flask\\config.py', reloading
2023-03-15 11:38:32,586 INFO werkzeug :  * Detected change in 'C:\\VS2022\\demo\\env\\Lib\\site-packages\\flask\\ctx.py', reloading
2023-03-15 11:38:32,594 INFO werkzeug :  * Detected change in 'C:\\VS2022\\demo\\env\\Lib\\site-packages\\flask\\templating.py', reloading
2023-03-15 11:38:32,594 INFO werkzeug :  * Detected change in 'C:\\VS2022\\demo\\env\\Lib\\site-packages\\flask\\scaffold.py', reloading
2023-03-15 11:38:32,594 INFO werkzeug :  * Detected change in 'C:\\VS2022\\demo\\env\\Lib\\site-packages\\flask\\json\\tag.py', reloading
2023-03-15 11:38:32,594 INFO werkzeug :  * Detected change in 'C:\\VS2022\\demo\\env\\Lib\\site-packages\\flask\\sessions.py', reloading
2023-03-15 11:38:32,594 INFO werkzeug :  * Detected change in 'C:\\VS2022\\demo\\env\\Lib\\site-packages\\flask\\wrappers.py', reloading
2023-03-15 11:38:32,594 INFO werkzeug :  * Detected change in 'C:\\VS2022\\demo\\env\\Lib\\site-packages\\flask\\app.py', reloading
2023-03-15 11:38:32,594 INFO werkzeug :  * Detected change in 'C:\\VS2022\\demo\\env\\Lib\\site-packages\\flask\\blueprints.py', reloading
2023-03-15 11:38:32,594 INFO werkzeug :  * Detected change in 'C:\\VS2022\\demo\\env\\Lib\\site-packages\\flask\\__init__.py', reloading
2023-03-15 11:38:32,610 INFO werkzeug :  * Detected change in 'C:\\VS2022\\demo\\env\\Lib\\site-packages\\flask_login\\mixins.py', reloading
2023-03-15 11:38:32,610 INFO werkzeug :  * Detected change in 'C:\\VS2022\\demo\\env\\Lib\\site-packages\\flask_login\\utils.py', reloading
2023-03-15 11:38:32,610 INFO werkzeug :  * Detected change in 'C:\\VS2022\\demo\\env\\Lib\\site-packages\\flask_login\\login_manager.py', reloading
2023-03-15 11:38:32,610 INFO werkzeug :  * Detected change in 'C:\\VS2022\\demo\\env\\Lib\\site-packages\\flask_login\\__init__.py', reloading
2023-03-15 11:38:32,610 INFO werkzeug :  * Detected change in 'C:\\VS2022\\demo\\env\\Lib\\site-packages\\pkg_resources\\_vendor\\pyparsing.py', reloading
2023-03-15 11:38:32,610 INFO werkzeug :  * Detected change in 'C:\\VS2022\\demo\\env\\Lib\\site-packages\\apscheduler\\util.py', reloading
2023-03-15 11:38:32,618 INFO werkzeug :  * Detected change in 'C:\\VS2022\\demo\\env\\Lib\\site-packages\\apscheduler\\schedulers\\base.py', reloading
2023-03-15 11:38:32,618 INFO werkzeug :  * Detected change in 'C:\\VS2022\\demo\\env\\Lib\\site-packages\\apscheduler\\schedulers\\blocking.py', reloading
2023-03-15 11:38:32,618 INFO werkzeug :  * Detected change in 'C:\\VS2022\\demo\\env\\Lib\\site-packages\\apscheduler\\schedulers\\background.py', reloading
2023-03-15 11:38:32,618 INFO werkzeug :  * Detected change in 'C:\\VS2022\\demo\\env\\Lib\\site-packages\\flask_apscheduler\\scheduler.py', reloading
2023-03-15 11:38:32,618 INFO werkzeug :  * Detected change in 'C:\\VS2022\\demo\\env\\Lib\\site-packages\\flask_apscheduler\\__init__.py', reloading
2023-03-15 11:38:32,618 INFO werkzeug :  * Detected change in 'C:\\VS2022\\demo\\website\\__init__.py', reloading
2023-03-15 11:38:32,626 INFO werkzeug :  * Detected change in 'C:\\VS2022\\demo\\env\\Lib\\site-packages\\flask_googlemaps\\icons.py', reloading
2023-03-15 11:38:32,626 INFO werkzeug :  * Detected change in 'C:\\VS2022\\demo\\env\\Lib\\site-packages\\flask_googlemaps\\__init__.py', reloading
2023-03-15 11:38:32,626 INFO werkzeug :  * Detected change in 'C:\\VS2022\\demo\\env\\Lib\\site-packages\\dotenv\\main.py', reloading
2023-03-15 11:38:32,626 INFO werkzeug :  * Detected change in 'C:\\VS2022\\demo\\env\\Lib\\site-packages\\dotenv\\__init__.py', reloading
2023-03-15 11:38:32,626 INFO werkzeug :  * Detected change in 'C:\\VS2022\\demo\\env\\Lib\\site-packages\\google\\auth\\environment_vars.py', reloading
2023-03-15 11:38:32,626 INFO werkzeug :  * Detected change in 'C:\\VS2022\\demo\\env\\Lib\\site-packages\\google\\auth\\transport\\__init__.py', reloading
2023-03-15 11:38:32,626 INFO werkzeug :  * Detected change in 'C:\\VS2022\\demo\\env\\Lib\\site-packages\\google\\auth\\transport\\_http_client.py', reloading
2023-03-15 11:38:32,634 INFO werkzeug :  * Detected change in 'C:\\VS2022\\demo\\env\\Lib\\site-packages\\google\\auth\\_default.py', reloading
2023-03-15 11:38:32,634 INFO werkzeug :  * Detected change in 'C:\\VS2022\\demo\\env\\Lib\\site-packages\\google\\auth\\__init__.py', reloading
2023-03-15 11:38:32,634 INFO werkzeug :  * Detected change in 'C:\\VS2022\\demo\\env\\Lib\\site-packages\\google\\auth\\transport\\_mtls_helper.py', reloading
2023-03-15 11:38:32,634 INFO werkzeug :  * Detected change in 'C:\\VS2022\\demo\\env\\Lib\\site-packages\\google\\oauth2\\__init__.py', reloading
2023-03-15 11:38:32,634 INFO werkzeug :  * Detected change in 'C:\\VS2022\\demo\\env\\Lib\\site-packages\\google\\auth\\_helpers.py', reloading
2023-03-15 11:38:33,136 INFO werkzeug :  * Detected change in 'C:\\VS2022\\demo\\env\\Lib\\site-packages\\google\\auth\\crypt\\base.py', reloading
2023-03-15 11:38:33,176 INFO werkzeug :  * Detected change in 'C:\\VS2022\\demo\\env\\Lib\\site-packages\\cryptography\\hazmat\\__init__.py', reloading
2023-03-15 11:38:33,179 INFO werkzeug :  * Detected change in 'C:\\VS2022\\demo\\env\\Lib\\site-packages\\cryptography\\hazmat\\backends\\__init__.py', reloading
2023-03-15 11:38:33,179 INFO werkzeug :  * Detected change in 'C:\\VS2022\\demo\\env\\Lib\\site-packages\\cryptography\\hazmat\\primitives\\__init__.py', reloading
2023-03-15 11:38:33,180 INFO werkzeug :  * Detected change in 'C:\\VS2022\\demo\\env\\Lib\\site-packages\\cryptography\\hazmat\\primitives\\hashes.py', reloading
2023-03-15 11:38:33,181 INFO werkzeug :  * Detected change in 'C:\\VS2022\\demo\\env\\Lib\\site-packages\\cryptography\\hazmat\\primitives\\asymmetric\\__init__.py', reloading
2023-03-15 11:38:33,182 INFO werkzeug :  * Detected change in 'C:\\VS2022\\demo\\env\\Lib\\site-packages\\cryptography\\hazmat\\primitives\\_asymmetric.py', reloading
2023-03-15 11:38:33,185 INFO werkzeug :  * Detected change in 'C:\\VS2022\\demo\\env\\Lib\\site-packages\\cryptography\\hazmat\\primitives\\asymmetric\\padding.py', reloading
2023-03-15 11:38:33,189 INFO werkzeug :  * Detected change in 'C:\\VS2022\\demo\\env\\Lib\\site-packages\\google\\auth\\crypt\\_cryptography_rsa.py', reloading
2023-03-15 11:38:33,190 INFO werkzeug :  * Detected change in 'C:\\VS2022\\demo\\env\\Lib\\site-packages\\google\\auth\\crypt\\rsa.py', reloading
2023-03-15 11:38:33,191 INFO werkzeug :  * Detected change in 'C:\\VS2022\\demo\\env\\Lib\\site-packages\\google\\auth\\crypt\\es256.py', reloading
2023-03-15 11:38:33,191 INFO werkzeug :  * Detected change in 'C:\\VS2022\\demo\\env\\Lib\\site-packages\\google\\auth\\crypt\\__init__.py', reloading
2023-03-15 11:38:33,192 INFO werkzeug :  * Detected change in 'C:\\VS2022\\demo\\env\\Lib\\site-packages\\google\\auth\\_service_account_info.py', reloading
2023-03-15 11:38:33,192 INFO werkzeug :  * Detected change in 'C:\\VS2022\\demo\\env\\Lib\\site-packages\\google\\auth\\credentials.py', reloading
2023-03-15 11:38:33,192 INFO werkzeug :  * Detected change in 'C:\\VS2022\\demo\\env\\Lib\\site-packages\\google\\auth\\jwt.py', reloading
2023-03-15 11:38:33,192 INFO werkzeug :  * Detected change in 'C:\\VS2022\\demo\\env\\Lib\\site-packages\\google\\auth\\_exponential_backoff.py', reloading
2023-03-15 11:38:33,192 INFO werkzeug :  * Detected change in 'C:\\VS2022\\demo\\env\\Lib\\site-packages\\google\\oauth2\\_client.py', reloading
2023-03-15 11:38:33,192 INFO werkzeug :  * Detected change in 'C:\\VS2022\\demo\\env\\Lib\\site-packages\\google\\oauth2\\service_account.py', reloading
2023-03-15 11:38:33,192 INFO werkzeug :  * Detected change in 'C:\\VS2022\\demo\\env\\Lib\\site-packages\\google\\auth\\transport\\requests.py', reloading
2023-03-15 11:38:33,192 INFO werkzeug :  * Detected change in 'C:\\VS2022\\demo\\env\\Lib\\site-packages\\google\\auth\\_cloud_sdk.py', reloading
2023-03-15 11:38:33,192 INFO werkzeug :  * Detected change in 'C:\\VS2022\\demo\\env\\Lib\\site-packages\\google\\oauth2\\challenges.py', reloading
2023-03-15 11:38:33,192 INFO werkzeug :  * Detected change in 'C:\\VS2022\\demo\\env\\Lib\\site-packages\\google\\oauth2\\reauth.py', reloading
2023-03-15 11:38:33,192 INFO werkzeug :  * Detected change in 'C:\\VS2022\\demo\\env\\Lib\\site-packages\\google\\oauth2\\credentials.py', reloading
2023-03-15 11:38:33,200 INFO werkzeug :  * Detected change in 'C:\\VS2022\\demo\\env\\Lib\\site-packages\\requests_oauthlib\\oauth2_session.py', reloading
2023-03-15 11:38:33,200 INFO werkzeug :  * Detected change in 'C:\\VS2022\\demo\\env\\Lib\\site-packages\\requests_oauthlib\\__init__.py', reloading
2023-03-15 11:38:33,200 INFO werkzeug :  * Detected change in 'C:\\VS2022\\demo\\env\\Lib\\site-packages\\google_auth_oauthlib\\helpers.py', reloading
2023-03-15 11:38:33,200 INFO werkzeug :  * Detected change in 'C:\\VS2022\\demo\\env\\Lib\\site-packages\\google_auth_oauthlib\\flow.py', reloading
2023-03-15 11:38:33,200 INFO werkzeug :  * Detected change in 'C:\\VS2022\\demo\\env\\Lib\\site-packages\\googleapiclient\\__init__.py', reloading
2023-03-15 11:38:33,200 INFO werkzeug :  * Detected change in 'C:\\VS2022\\demo\\env\\Lib\\site-packages\\google\\api_core\\client_options.py', reloading
2023-03-15 11:38:33,200 INFO werkzeug :  * Detected change in 'C:\\VS2022\\demo\\env\\Lib\\site-packages\\google\\auth\\transport\\mtls.py', reloading
2023-03-15 11:38:33,200 INFO werkzeug :  * Detected change in 'C:\\VS2022\\demo\\env\\Lib\\site-packages\\pyparsing\\core.py', reloading
2023-03-15 11:38:33,200 INFO werkzeug :  * Detected change in 'C:\\VS2022\\demo\\env\\Lib\\site-packages\\uritemplate\\variable.py', reloading
2023-03-15 11:38:33,200 INFO werkzeug :  * Detected change in 'C:\\VS2022\\demo\\env\\Lib\\site-packages\\uritemplate\\api.py', reloading
2023-03-15 11:38:33,208 INFO werkzeug :  * Detected change in 'C:\\VS2022\\demo\\env\\Lib\\site-packages\\uritemplate\\__init__.py', reloading
2023-03-15 11:38:33,208 INFO werkzeug :  * Detected change in 'C:\\VS2022\\demo\\env\\Lib\\site-packages\\google_auth_httplib2.py', reloading
2023-03-15 11:38:33,208 INFO werkzeug :  * Detected change in 'C:\\VS2022\\demo\\env\\Lib\\site-packages\\oauth2client\\__init__.py', reloading
2023-03-15 11:38:33,208 INFO werkzeug :  * Detected change in 'C:\\VS2022\\demo\\env\\Lib\\site-packages\\oauth2client\\_helpers.py', reloading
2023-03-15 11:38:33,208 INFO werkzeug :  * Detected change in 'C:\\VS2022\\demo\\env\\Lib\\site-packages\\pyasn1_modules\\__init__.py', reloading
2023-03-15 11:38:33,208 INFO werkzeug :  * Detected change in 'C:\\VS2022\\demo\\env\\Lib\\site-packages\\pyasn1_modules\\pem.py', reloading
2023-03-15 11:38:33,208 INFO werkzeug :  * Detected change in 'C:\\VS2022\\demo\\env\\Lib\\site-packages\\pyasn1_modules\\rfc2459.py', reloading
2023-03-15 11:38:33,208 INFO werkzeug :  * Detected change in 'C:\\VS2022\\demo\\env\\Lib\\site-packages\\pyasn1_modules\\rfc2251.py', reloading
2023-03-15 11:38:33,208 INFO werkzeug :  * Detected change in 'C:\\VS2022\\demo\\env\\Lib\\site-packages\\pyasn1_modules\\rfc5208.py', reloading
2023-03-15 11:38:33,208 INFO werkzeug :  * Detected change in 'C:\\VS2022\\demo\\env\\Lib\\site-packages\\rsa\\__init__.py', reloading
2023-03-15 11:38:33,208 INFO werkzeug :  * Detected change in 'C:\\VS2022\\demo\\env\\Lib\\site-packages\\oauth2client\\_pure_python_crypt.py', reloading
2023-03-15 11:38:33,216 INFO werkzeug :  * Detected change in 'C:\\VS2022\\demo\\env\\Lib\\site-packages\\oauth2client\\crypt.py', reloading
2023-03-15 11:38:33,216 INFO werkzeug :  * Detected change in 'C:\\VS2022\\demo\\env\\Lib\\site-packages\\oauth2client\\client.py', reloading
2023-03-15 11:38:33,216 INFO werkzeug :  * Detected change in 'C:\\VS2022\\demo\\env\\Lib\\site-packages\\googleapiclient\\_auth.py', reloading
2023-03-15 11:38:33,216 INFO werkzeug :  * Detected change in 'C:\\VS2022\\demo\\env\\Lib\\site-packages\\googleapiclient\\errors.py', reloading
2023-03-15 11:38:33,216 INFO werkzeug :  * Detected change in 'C:\\VS2022\\demo\\env\\Lib\\site-packages\\googleapiclient\\model.py', reloading
2023-03-15 11:38:33,216 INFO werkzeug :  * Detected change in 'C:\\VS2022\\demo\\env\\Lib\\site-packages\\googleapiclient\\schema.py', reloading
2023-03-15 11:38:33,216 INFO werkzeug :  * Detected change in 'C:\\VS2022\\demo\\env\\Lib\\site-packages\\googleapiclient\\discovery.py', reloading
2023-03-15 11:38:33,216 INFO werkzeug :  * Detected change in 'C:\\VS2022\\demo\\website\\models.py', reloading
2023-03-15 11:38:33,224 INFO werkzeug :  * Detected change in 'C:\\VS2022\\demo\\website\\views.py', reloading
2023-03-15 11:38:33,240 INFO werkzeug :  * Detected change in 'C:\\VS2022\\demo\\env\\Lib\\site-packages\\pip\\_vendor\\cachecontrol\\__init__.py', reloading
2023-03-15 11:38:33,240 INFO werkzeug :  * Detected change in 'C:\\VS2022\\demo\\env\\Lib\\site-packages\\oauth2client\\service_account.py', reloading
2023-03-15 11:38:33,248 INFO werkzeug :  * Detected change in 'C:\\VS2022\\demo\\env\\Lib\\site-packages\\pyrebase\\__init__.py', reloading
2023-03-15 11:38:33,248 INFO werkzeug :  * Detected change in 'C:\\VS2022\\demo\\website\\auth.py', reloading
2023-03-15 11:38:33,248 INFO werkzeug :  * Detected change in 'C:\\VS2022\\demo\\website\\chat.py', reloading
2023-03-15 11:38:34,499 INFO werkzeug MainThread :  * Restarting with watchdog (windowsapi)
2023-03-15 11:38:36,737 WARNING werkzeug :  * Debugger is active!
2023-03-15 11:38:36,745 INFO werkzeug :  * Debugger PIN: 116-636-501
2023-03-15 11:52:58,683 INFO werkzeug :  * Detected change in 'C:\\VS2022\\demo\\website\\auth.py', reloading
2023-03-15 11:52:58,815 INFO werkzeug :  * Detected change in 'C:\\VS2022\\demo\\env\\Lib\\site-packages\\pyrebase\\__init__.py', reloading
2023-03-15 11:52:58,815 INFO werkzeug :  * Detected change in 'C:\\VS2022\\demo\\website\\models.py', reloading
2023-03-15 11:52:59,923 INFO werkzeug MainThread :  * Restarting with watchdog (windowsapi)
2023-03-15 11:53:01,851 WARNING werkzeug :  * Debugger is active!
2023-03-15 11:53:01,859 INFO werkzeug :  * Debugger PIN: 116-636-501
2023-03-15 11:54:02,357 INFO werkzeug :  * Detected change in 'C:\\VS2022\\demo\\website\\__init__.py', reloading
2023-03-15 11:54:02,357 INFO werkzeug :  * Detected change in 'C:\\VS2022\\demo\\website\\__init__.py', reloading
2023-03-15 11:54:02,357 INFO werkzeug :  * Detected change in 'C:\\VS2022\\demo\\website\\__init__.py', reloading
2023-03-15 11:54:02,878 INFO werkzeug MainThread :  * Restarting with watchdog (windowsapi)
2023-03-15 11:55:52,382 INFO werkzeug MainThread :  * Restarting with watchdog (windowsapi)
